<?xml version="1.0" encoding="UTF-8" ?>
<testsuite failures="0" time="0.025" errors="0" skipped="0" tests="2" name="estradasolidaria.unittest.SessaoTest">
  <properties>
    <property name="java.runtime.name" value="OpenJDK Runtime Environment"/>
    <property name="sun.boot.library.path" value="/usr/lib/jvm/java-6-openjdk/jre/lib/i386"/>
    <property name="java.vm.version" value="20.0-b11"/>
    <property name="java.vm.vendor" value="Sun Microsystems Inc."/>
    <property name="java.vendor.url" value="http://java.sun.com/"/>
    <property name="path.separator" value=":"/>
    <property name="java.vm.name" value="OpenJDK Server VM"/>
    <property name="file.encoding.pkg" value="sun.io"/>
    <property name="user.country" value="BR"/>
    <property name="sun.java.launcher" value="SUN_STANDARD"/>
    <property name="sun.os.patch.level" value="unknown"/>
    <property name="java.vm.specification.name" value="Java Virtual Machine Specification"/>
    <property name="user.dir" value="/home/guilhermemg/git/SIProject/ProjetoSI"/>
    <property name="java.runtime.version" value="1.6.0_22-b22"/>
    <property name="java.awt.graphicsenv" value="sun.awt.X11GraphicsEnvironment"/>
    <property name="basedir" value="/home/guilhermemg/git/SIProject/ProjetoSI"/>
    <property name="java.endorsed.dirs" value="/usr/lib/jvm/java-6-openjdk/jre/lib/endorsed"/>
    <property name="os.arch" value="i386"/>
    <property name="surefire.real.class.path" value="/home/guilhermemg/git/SIProject/ProjetoSI/target/surefire/surefirebooter6875277487097236989.jar"/>
    <property name="java.io.tmpdir" value="/tmp"/>
    <property name="line.separator" value="
"/>
    <property name="java.vm.specification.vendor" value="Sun Microsystems Inc."/>
    <property name="os.name" value="Linux"/>
    <property name="sun.jnu.encoding" value="UTF-8"/>
    <property name="java.library.path" value="/usr/lib/jvm/java-6-openjdk/jre/lib/i386/server:/usr/lib/jvm/java-6-openjdk/jre/lib/i386:/usr/lib/jvm/java-6-openjdk/jre/../lib/i386:/usr/lib/jvm/java-6-openjdk/jre/lib/i386/client:/usr/lib/jvm/java-6-openjdk/jre/lib/i386::/usr/java/packages/lib/i386:/usr/lib/i386-linux-gnu/jni:/lib/i386-linux-gnu:/usr/lib/i386-linux-gnu:/usr/lib/jni:/lib:/usr/lib"/>
    <property name="surefire.test.class.path" value="/home/guilhermemg/git/SIProject/ProjetoSI/ProjetoSI/EstradaSolidaria/src/main/webapp/WEB-INF/test-classes:/home/guilhermemg/git/SIProject/ProjetoSI/ProjetoSI/EstradaSolidaria/src/main/webapp/WEB-INF/classes:/home/guilhermemg/.m2/repository/com/google/gwt/gwt-servlet/2.4.0/gwt-servlet-2.4.0.jar:/home/guilhermemg/.m2/repository/com/google/gwt/gwt-user/2.4.0/gwt-user-2.4.0.jar:/home/guilhermemg/.m2/repository/javax/validation/validation-api/1.0.0.GA/validation-api-1.0.0.GA.jar:/home/guilhermemg/.m2/repository/javax/validation/validation-api/1.0.0.GA/validation-api-1.0.0.GA-sources.jar:/home/guilhermemg/.m2/repository/junit/junit/4.8.2/junit-4.8.2.jar:/home/guilhermemg/.m2/repository/easyaccept/easyaccept/1.0/easyaccept-1.0.jar:/home/guilhermemg/.m2/repository/javax/mail/mail/1.4.5/mail-1.4.5.jar:/home/guilhermemg/.m2/repository/javax/activation/activation/1.1/activation-1.1.jar:/home/guilhermemg/.m2/repository/com/thoughtworks/xstream/xstream/1.4.2/xstream-1.4.2.jar:/home/guilhermemg/.m2/repository/xmlpull/xmlpull/1.1.3.1/xmlpull-1.1.3.1.jar:/home/guilhermemg/.m2/repository/xpp3/xpp3_min/1.1.4c/xpp3_min-1.1.4c.jar:"/>
    <property name="java.specification.name" value="Java Platform API Specification"/>
    <property name="java.class.version" value="50.0"/>
    <property name="sun.management.compiler" value="HotSpot Tiered Compilers"/>
    <property name="os.version" value="2.6.35-22-generic"/>
    <property name="user.home" value="/home/guilhermemg"/>
    <property name="user.timezone" value="America/Fortaleza"/>
    <property name="java.awt.printerjob" value="sun.print.PSPrinterJob"/>
    <property name="file.encoding" value="UTF-8"/>
    <property name="java.specification.version" value="1.6"/>
    <property name="user.name" value="guilhermemg"/>
    <property name="java.class.path" value="/home/guilhermemg/git/SIProject/ProjetoSI/ProjetoSI/EstradaSolidaria/src/main/webapp/WEB-INF/test-classes:/home/guilhermemg/git/SIProject/ProjetoSI/ProjetoSI/EstradaSolidaria/src/main/webapp/WEB-INF/classes:/home/guilhermemg/.m2/repository/com/google/gwt/gwt-servlet/2.4.0/gwt-servlet-2.4.0.jar:/home/guilhermemg/.m2/repository/com/google/gwt/gwt-user/2.4.0/gwt-user-2.4.0.jar:/home/guilhermemg/.m2/repository/javax/validation/validation-api/1.0.0.GA/validation-api-1.0.0.GA.jar:/home/guilhermemg/.m2/repository/javax/validation/validation-api/1.0.0.GA/validation-api-1.0.0.GA-sources.jar:/home/guilhermemg/.m2/repository/junit/junit/4.8.2/junit-4.8.2.jar:/home/guilhermemg/.m2/repository/easyaccept/easyaccept/1.0/easyaccept-1.0.jar:/home/guilhermemg/.m2/repository/javax/mail/mail/1.4.5/mail-1.4.5.jar:/home/guilhermemg/.m2/repository/javax/activation/activation/1.1/activation-1.1.jar:/home/guilhermemg/.m2/repository/com/thoughtworks/xstream/xstream/1.4.2/xstream-1.4.2.jar:/home/guilhermemg/.m2/repository/xmlpull/xmlpull/1.1.3.1/xmlpull-1.1.3.1.jar:/home/guilhermemg/.m2/repository/xpp3/xpp3_min/1.1.4c/xpp3_min-1.1.4c.jar:"/>
    <property name="java.vm.specification.version" value="1.0"/>
    <property name="sun.arch.data.model" value="32"/>
    <property name="java.home" value="/usr/lib/jvm/java-6-openjdk/jre"/>
    <property name="sun.java.command" value="/home/guilhermemg/git/SIProject/ProjetoSI/target/surefire/surefirebooter6875277487097236989.jar /home/guilhermemg/git/SIProject/ProjetoSI/target/surefire/surefire5523537925887830499tmp /home/guilhermemg/git/SIProject/ProjetoSI/target/surefire/surefire7524250725650597098tmp"/>
    <property name="java.specification.vendor" value="Sun Microsystems Inc."/>
    <property name="user.language" value="pt"/>
    <property name="java.vm.info" value="mixed mode"/>
    <property name="java.version" value="1.6.0_22"/>
    <property name="java.ext.dirs" value="/usr/lib/jvm/java-6-openjdk/jre/lib/ext:/usr/java/packages/lib/ext"/>
    <property name="sun.boot.class.path" value="/usr/lib/jvm/java-6-openjdk/jre/lib/resources.jar:/usr/lib/jvm/java-6-openjdk/jre/lib/rt.jar:/usr/lib/jvm/java-6-openjdk/jre/lib/sunrsasign.jar:/usr/lib/jvm/java-6-openjdk/jre/lib/jsse.jar:/usr/lib/jvm/java-6-openjdk/jre/lib/jce.jar:/usr/lib/jvm/java-6-openjdk/jre/lib/charsets.jar:/usr/lib/jvm/java-6-openjdk/jre/lib/netx.jar:/usr/lib/jvm/java-6-openjdk/jre/lib/plugin.jar:/usr/lib/jvm/java-6-openjdk/jre/lib/rhino.jar:/usr/lib/jvm/java-6-openjdk/jre/lib/modules/jdk.boot.jar:/usr/lib/jvm/java-6-openjdk/jre/classes"/>
    <property name="java.vendor" value="Sun Microsystems Inc."/>
    <property name="localRepository" value="/home/guilhermemg/.m2/repository"/>
    <property name="file.separator" value="/"/>
    <property name="java.vendor.url.bug" value="http://java.sun.com/cgi-bin/bugreport.cgi"/>
    <property name="sun.cpu.endian" value="little"/>
    <property name="sun.io.unicode.encoding" value="UnicodeLittle"/>
    <property name="sun.desktop" value="gnome"/>
    <property name="sun.cpu.isalist" value=""/>
  </properties>
  <testcase time="0" classname="estradasolidaria.unittest.SessaoTest" name="testIdUsuario"/>
  <testcase time="0.001" classname="estradasolidaria.unittest.SessaoTest" name="testGetIdUser"/>
</testsuite>